<?xml version="1.0" encoding="UTF-8"?>
<!-- Generated by org.testng.reporters.JUnitReportReporter -->
<testsuite skipped="0" hostname="LAPTOP-J41V6O34" name="pdfComparison.pdfTest" tests="1" failures="0" timestamp="05 四月 2019 19:13:35 GMT" time="5.141" errors="0">
  <testcase name="pdfDemoTest" time="5.141" classname="pdfComparison.pdfTest"/>
</testsuite> <!-- pdfComparison.pdfTest -->
