<?xml version="1.0" encoding="UTF-8"?>
<!-- Generated by org.testng.reporters.JUnitReportReporter -->
<testsuite skipped="0" hostname="LAPTOP-J41V6O34" name="test.LoginPageTest" tests="2" failures="0" timestamp="05 四月 2019 20:14:58 GMT" time="0.016" errors="0">
  <testcase name="loginPageTest" time="0.003" classname="test.LoginPageTest"/>
  <testcase name="loginPageTest" time="0.013" classname="test.LoginPageTest"/>
</testsuite> <!-- test.LoginPageTest -->
